# JRE version: Java(TM) SE Runtime Environment (8.0_212-b10) (build 1.8.0_212-b10)
# Java VM: Java HotSpot(TM) 64-Bit Server VM (25.212-b10 mixed mode windows-amd64 compressed oops)
Heap:
 PSYoungGen      total 423424K, used 4903K [0x000000076ab00000, 0x000000078a300000, 0x00000007c0000000)
  eden space 330752K, 1% used [0x000000076ab00000,0x000000076afc9e10,0x000000077ee00000)
  from space 92672K, 0% used [0x000000077ee00000,0x000000077ee00000,0x0000000784880000)
  to   space 82432K, 0% used [0x0000000785280000,0x0000000785280000,0x000000078a300000)
 ParOldGen       total 478720K, used 141189K [0x00000006c0000000, 0x00000006dd380000, 0x000000076ab00000)
  object space 478720K, 29% used [0x00000006c0000000,0x00000006c89e16f0,0x00000006dd380000)
 Metaspace       used 113627K, capacity 118474K, committed 118656K, reserved 1153024K
  class space    used 14694K, capacity 15720K, committed 15744K, reserved 1048576K
GC Heap History (10 events):
Event: 94.500 GC heap before
{Heap before GC invocations=18 (full 3):
 PSYoungGen      total 331776K, used 322098K [0x000000076ab00000, 0x0000000785f00000, 0x00000007c0000000)
  eden space 278016K, 96% used [0x000000076ab00000,0x000000077b10f300,0x000000077ba80000)
  from space 53760K, 99% used [0x0000000780280000,0x00000007836fd880,0x0000000783700000)
  to   space 73728K, 0% used [0x000000077ba80000,0x000000077ba80000,0x0000000780280000)
 ParOldGen       total 219648K, used 94346K [0x00000006c0000000, 0x00000006cd680000, 0x000000076ab00000)
  object space 219648K, 42% used [0x00000006c0000000,0x00000006c5c22bf8,0x00000006cd680000)
 Metaspace       used 94469K, capacity 98346K, committed 98560K, reserved 1134592K
  class space    used 12463K, capacity 13261K, committed 13312K, reserved 1048576K
Event: 94.822 GC heap after
Heap after GC invocations=18 (full 3):
 PSYoungGen      total 351744K, used 73711K [0x000000076ab00000, 0x000000078b000000, 0x00000007c0000000)
  eden space 278016K, 0% used [0x000000076ab00000,0x000000076ab00000,0x000000077ba80000)
  from space 73728K, 99% used [0x000000077ba80000,0x000000078027bc90,0x0000000780280000)
  to   space 95744K, 0% used [0x0000000785280000,0x0000000785280000,0x000000078b000000)
 ParOldGen       total 219648K, used 120781K [0x00000006c0000000, 0x00000006cd680000, 0x000000076ab00000)
  object space 219648K, 54% used [0x00000006c0000000,0x00000006c75f3478,0x00000006cd680000)
 Metaspace       used 94469K, capacity 98346K, committed 98560K, reserved 1134592K
  class space    used 12463K, capacity 13261K, committed 13312K, reserved 1048576K
}
Event: 94.822 GC heap before
{Heap before GC invocations=19 (full 4):
 PSYoungGen      total 351744K, used 73711K [0x000000076ab00000, 0x000000078b000000, 0x00000007c0000000)
  eden space 278016K, 0% used [0x000000076ab00000,0x000000076ab00000,0x000000077ba80000)
  from space 73728K, 99% used [0x000000077ba80000,0x000000078027bc90,0x0000000780280000)
  to   space 95744K, 0% used [0x0000000785280000,0x0000000785280000,0x000000078b000000)
 ParOldGen       total 219648K, used 120781K [0x00000006c0000000, 0x00000006cd680000, 0x000000076ab00000)
  object space 219648K, 54% used [0x00000006c0000000,0x00000006c75f3478,0x00000006cd680000)
 Metaspace       used 94469K, capacity 98346K, committed 98560K, reserved 1134592K
  class space    used 12463K, capacity 13261K, committed 13312K, reserved 1048576K
Event: 96.937 GC heap after
Heap after GC invocations=19 (full 4):
 PSYoungGen      total 351744K, used 0K [0x000000076ab00000, 0x000000078b000000, 0x00000007c0000000)
  eden space 278016K, 0% used [0x000000076ab00000,0x000000076ab00000,0x000000077ba80000)
  from space 73728K, 0% used [0x000000077ba80000,0x000000077ba80000,0x0000000780280000)
  to   space 95744K, 0% used [0x0000000785280000,0x0000000785280000,0x000000078b000000)
 ParOldGen       total 449536K, used 178614K [0x00000006c0000000, 0x00000006db700000, 0x000000076ab00000)
  object space 449536K, 39% used [0x00000006c0000000,0x00000006cae6da38,0x00000006db700000)
 Metaspace       used 94386K, capacity 98102K, committed 98560K, reserved 1134592K
  class space    used 12435K, capacity 13213K, committed 13312K, reserved 1048576K
}
Event: 115.834 GC heap before
{Heap before GC invocations=20 (full 4):
 PSYoungGen      total 351744K, used 278016K [0x000000076ab00000, 0x000000078b000000, 0x00000007c0000000)
  eden space 278016K, 100% used [0x000000076ab00000,0x000000077ba80000,0x000000077ba80000)
  from space 73728K, 0% used [0x000000077ba80000,0x000000077ba80000,0x0000000780280000)
  to   space 95744K, 0% used [0x0000000785280000,0x0000000785280000,0x000000078b000000)
 ParOldGen       total 449536K, used 178614K [0x00000006c0000000, 0x00000006db700000, 0x000000076ab00000)
  object space 449536K, 39% used [0x00000006c0000000,0x00000006cae6da38,0x00000006db700000)
 Metaspace       used 102619K, capacity 106944K, committed 107136K, reserved 1142784K
  class space    used 13449K, capacity 14342K, committed 14464K, reserved 1048576K
Event: 115.913 GC heap after
Heap after GC invocations=20 (full 4):
 PSYoungGen      total 413184K, used 20008K [0x000000076ab00000, 0x000000078a300000, 0x00000007c0000000)
  eden space 330752K, 0% used [0x000000076ab00000,0x000000076ab00000,0x000000077ee00000)
  from space 82432K, 24% used [0x0000000785280000,0x000000078660a010,0x000000078a300000)
  to   space 92672K, 0% used [0x000000077ee00000,0x000000077ee00000,0x0000000784880000)
 ParOldGen       total 449536K, used 178622K [0x00000006c0000000, 0x00000006db700000, 0x000000076ab00000)
  object space 449536K, 39% used [0x00000006c0000000,0x00000006cae6fa38,0x00000006db700000)
 Metaspace       used 102619K, capacity 106944K, committed 107136K, reserved 1142784K
  class space    used 13449K, capacity 14342K, committed 14464K, reserved 1048576K
}
Event: 125.685 GC heap before
{Heap before GC invocations=21 (full 4):
 PSYoungGen      total 413184K, used 273038K [0x000000076ab00000, 0x000000078a300000, 0x00000007c0000000)
  eden space 330752K, 76% used [0x000000076ab00000,0x000000077a219800,0x000000077ee00000)
  from space 82432K, 24% used [0x0000000785280000,0x000000078660a010,0x000000078a300000)
  to   space 92672K, 0% used [0x000000077ee00000,0x000000077ee00000,0x0000000784880000)
 ParOldGen       total 449536K, used 178622K [0x00000006c0000000, 0x00000006db700000, 0x000000076ab00000)
  object space 449536K, 39% used [0x00000006c0000000,0x00000006cae6fa38,0x00000006db700000)
 Metaspace       used 112951K, capacity 117738K, committed 117888K, reserved 1155072K
  class space    used 14613K, capacity 15624K, committed 15744K, reserved 1048576K
Event: 125.806 GC heap after
Heap after GC invocations=21 (full 4):
 PSYoungGen      total 423424K, used 44014K [0x000000076ab00000, 0x000000078a300000, 0x00000007c0000000)
  eden space 330752K, 0% used [0x000000076ab00000,0x000000076ab00000,0x000000077ee00000)
  from space 92672K, 47% used [0x000000077ee00000,0x00000007818fb868,0x0000000784880000)
  to   space 82432K, 0% used [0x0000000785280000,0x0000000785280000,0x000000078a300000)
 ParOldGen       total 449536K, used 178630K [0x00000006c0000000, 0x00000006db700000, 0x000000076ab00000)
  object space 449536K, 39% used [0x00000006c0000000,0x00000006cae71a38,0x00000006db700000)
 Metaspace       used 112951K, capacity 117738K, committed 117888K, reserved 1155072K
  class space    used 14613K, capacity 15624K, committed 15744K, reserved 1048576K
}
Event: 125.806 GC heap before
{Heap before GC invocations=22 (full 5):
 PSYoungGen      total 423424K, used 44014K [0x000000076ab00000, 0x000000078a300000, 0x00000007c0000000)
  eden space 330752K, 0% used [0x000000076ab00000,0x000000076ab00000,0x000000077ee00000)
  from space 92672K, 47% used [0x000000077ee00000,0x00000007818fb868,0x0000000784880000)
  to   space 82432K, 0% used [0x0000000785280000,0x0000000785280000,0x000000078a300000)
 ParOldGen       total 449536K, used 178630K [0x00000006c0000000, 0x00000006db700000, 0x000000076ab00000)
  object space 449536K, 39% used [0x00000006c0000000,0x00000006cae71a38,0x00000006db700000)
 Metaspace       used 112951K, capacity 117738K, committed 117888K, reserved 1155072K
  class space    used 14613K, capacity 15624K, committed 15744K, reserved 1048576K
Event: 126.804 GC heap after
Heap after GC invocations=22 (full 5):
 PSYoungGen      total 423424K, used 0K [0x000000076ab00000, 0x000000078a300000, 0x00000007c0000000)
  eden space 330752K, 0% used [0x000000076ab00000,0x000000076ab00000,0x000000077ee00000)
  from space 92672K, 0% used [0x000000077ee00000,0x000000077ee00000,0x0000000784880000)
  to   space 82432K, 0% used [0x0000000785280000,0x0000000785280000,0x000000078a300000)
 ParOldGen       total 478720K, used 141189K [0x00000006c0000000, 0x00000006dd380000, 0x000000076ab00000)
  object space 478720K, 29% used [0x00000006c0000000,0x00000006c89e16f0,0x00000006dd380000)
 Metaspace       used 112951K, capacity 117738K, committed 117888K, reserved 1153024K
  class space    used 14613K, capacity 15624K, committed 15744K, reserved 1048576K
}

