# JRE version: Java(TM) SE Runtime Environment (8.0_212-b10) (build 1.8.0_212-b10)
# Java VM: Java HotSpot(TM) 64-Bit Server VM (25.212-b10 mixed mode windows-amd64 compressed oops)
Heap:
 PSYoungGen      total 388608K, used 155266K [0x000000076ab00000, 0x000000078c400000, 0x00000007c0000000)
  eden space 308736K, 39% used [0x000000076ab00000,0x00000007721605c0,0x000000077d880000)
  from space 79872K, 42% used [0x000000077d880000,0x000000077f9c0588,0x0000000782680000)
  to   space 77312K, 0% used [0x0000000787880000,0x0000000787880000,0x000000078c400000)
 ParOldGen       total 379392K, used 178386K [0x00000006c0000000, 0x00000006d7280000, 0x000000076ab00000)
  object space 379392K, 47% used [0x00000006c0000000,0x00000006cae34928,0x00000006d7280000)
 Metaspace       used 130829K, capacity 135971K, committed 136192K, reserved 1167360K
  class space    used 17102K, capacity 18171K, committed 18176K, reserved 1048576K
GC Heap History (10 events):
Event: 147.310 GC heap before
{Heap before GC invocations=21 (full 3):
 PSYoungGen      total 274432K, used 274413K [0x000000076ab00000, 0x0000000782080000, 0x00000007c0000000)
  eden space 225792K, 100% used [0x000000076ab00000,0x0000000778780000,0x0000000778780000)
  from space 48640K, 99% used [0x0000000778780000,0x000000077b6fb5b8,0x000000077b700000)
  to   space 62464K, 0% used [0x000000077e380000,0x000000077e380000,0x0000000782080000)
 ParOldGen       total 198656K, used 113805K [0x00000006c0000000, 0x00000006cc200000, 0x000000076ab00000)
  object space 198656K, 57% used [0x00000006c0000000,0x00000006c6f236c0,0x00000006cc200000)
 Metaspace       used 94341K, capacity 98442K, committed 98560K, reserved 1134592K
  class space    used 12520K, capacity 13305K, committed 13312K, reserved 1048576K
Event: 147.890 GC heap after
Heap after GC invocations=21 (full 3):
 PSYoungGen      total 299520K, used 62442K [0x000000076ab00000, 0x0000000785280000, 0x00000007c0000000)
  eden space 237056K, 0% used [0x000000076ab00000,0x000000076ab00000,0x0000000779280000)
  from space 62464K, 99% used [0x000000077e380000,0x000000078207a960,0x0000000782080000)
  to   space 82944K, 0% used [0x0000000779280000,0x0000000779280000,0x000000077e380000)
 ParOldGen       total 198656K, used 142104K [0x00000006c0000000, 0x00000006cc200000, 0x000000076ab00000)
  object space 198656K, 71% used [0x00000006c0000000,0x00000006c8ac60e0,0x00000006cc200000)
 Metaspace       used 94341K, capacity 98442K, committed 98560K, reserved 1134592K
  class space    used 12520K, capacity 13305K, committed 13312K, reserved 1048576K
}
Event: 148.438 GC heap before
{Heap before GC invocations=22 (full 3):
 PSYoungGen      total 299520K, used 64955K [0x000000076ab00000, 0x0000000785280000, 0x00000007c0000000)
  eden space 237056K, 1% used [0x000000076ab00000,0x000000076ad743f8,0x0000000779280000)
  from space 62464K, 99% used [0x000000077e380000,0x000000078207a960,0x0000000782080000)
  to   space 82944K, 0% used [0x0000000779280000,0x0000000779280000,0x000000077e380000)
 ParOldGen       total 198656K, used 142104K [0x00000006c0000000, 0x00000006cc200000, 0x000000076ab00000)
  object space 198656K, 71% used [0x00000006c0000000,0x00000006c8ac60e0,0x00000006cc200000)
 Metaspace       used 94394K, capacity 98442K, committed 98560K, reserved 1134592K
  class space    used 12520K, capacity 13305K, committed 13312K, reserved 1048576K
Event: 149.503 GC heap after
Heap after GC invocations=22 (full 3):
 PSYoungGen      total 320000K, used 224K [0x000000076ab00000, 0x0000000788600000, 0x00000007c0000000)
  eden space 237056K, 0% used [0x000000076ab00000,0x000000076ab00000,0x0000000779280000)
  from space 82944K, 0% used [0x0000000779280000,0x00000007792b8000,0x000000077e380000)
  to   space 83456K, 0% used [0x0000000783480000,0x0000000783480000,0x0000000788600000)
 ParOldGen       total 204800K, used 204541K [0x00000006c0000000, 0x00000006cc800000, 0x000000076ab00000)
  object space 204800K, 99% used [0x00000006c0000000,0x00000006cc7bf718,0x00000006cc800000)
 Metaspace       used 94394K, capacity 98442K, committed 98560K, reserved 1134592K
  class space    used 12520K, capacity 13305K, committed 13312K, reserved 1048576K
}
Event: 149.503 GC heap before
{Heap before GC invocations=23 (full 4):
 PSYoungGen      total 320000K, used 224K [0x000000076ab00000, 0x0000000788600000, 0x00000007c0000000)
  eden space 237056K, 0% used [0x000000076ab00000,0x000000076ab00000,0x0000000779280000)
  from space 82944K, 0% used [0x0000000779280000,0x00000007792b8000,0x000000077e380000)
  to   space 83456K, 0% used [0x0000000783480000,0x0000000783480000,0x0000000788600000)
 ParOldGen       total 204800K, used 204541K [0x00000006c0000000, 0x00000006cc800000, 0x000000076ab00000)
  object space 204800K, 99% used [0x00000006c0000000,0x00000006cc7bf718,0x00000006cc800000)
 Metaspace       used 94394K, capacity 98442K, committed 98560K, reserved 1134592K
  class space    used 12520K, capacity 13305K, committed 13312K, reserved 1048576K
Event: 158.459 GC heap after
Heap after GC invocations=23 (full 4):
 PSYoungGen      total 320000K, used 0K [0x000000076ab00000, 0x0000000788600000, 0x00000007c0000000)
  eden space 237056K, 0% used [0x000000076ab00000,0x000000076ab00000,0x0000000779280000)
  from space 82944K, 0% used [0x0000000779280000,0x0000000779280000,0x000000077e380000)
  to   space 83456K, 0% used [0x0000000783480000,0x0000000783480000,0x0000000788600000)
 ParOldGen       total 379392K, used 167570K [0x00000006c0000000, 0x00000006d7280000, 0x000000076ab00000)
  object space 379392K, 44% used [0x00000006c0000000,0x00000006ca3a4a10,0x00000006d7280000)
 Metaspace       used 94235K, capacity 97984K, committed 98560K, reserved 1134592K
  class space    used 12466K, capacity 13210K, committed 13312K, reserved 1048576K
}
Event: 184.846 GC heap before
{Heap before GC invocations=24 (full 4):
 PSYoungGen      total 320000K, used 237056K [0x000000076ab00000, 0x0000000788600000, 0x00000007c0000000)
  eden space 237056K, 100% used [0x000000076ab00000,0x0000000779280000,0x0000000779280000)
  from space 82944K, 0% used [0x0000000779280000,0x0000000779280000,0x000000077e380000)
  to   space 83456K, 0% used [0x0000000783480000,0x0000000783480000,0x0000000788600000)
 ParOldGen       total 379392K, used 167570K [0x00000006c0000000, 0x00000006d7280000, 0x000000076ab00000)
  object space 379392K, 44% used [0x00000006c0000000,0x00000006ca3a4a10,0x00000006d7280000)
 Metaspace       used 99292K, capacity 103292K, committed 104064K, reserved 1138688K
  class space    used 12929K, capacity 13746K, committed 13952K, reserved 1048576K
Event: 184.950 GC heap after
Heap after GC invocations=24 (full 4):
 PSYoungGen      total 374272K, used 15830K [0x000000076ab00000, 0x0000000787480000, 0x00000007c0000000)
  eden space 308736K, 0% used [0x000000076ab00000,0x000000076ab00000,0x000000077d880000)
  from space 65536K, 24% used [0x0000000783480000,0x00000007843f5a38,0x0000000787480000)
  to   space 79872K, 0% used [0x000000077d880000,0x000000077d880000,0x0000000782680000)
 ParOldGen       total 379392K, used 167578K [0x00000006c0000000, 0x00000006d7280000, 0x000000076ab00000)
  object space 379392K, 44% used [0x00000006c0000000,0x00000006ca3a6a10,0x00000006d7280000)
 Metaspace       used 99292K, capacity 103292K, committed 104064K, reserved 1138688K
  class space    used 12929K, capacity 13746K, committed 13952K, reserved 1048576K
}
Event: 212.867 GC heap before
{Heap before GC invocations=25 (full 4):
 PSYoungGen      total 374272K, used 324566K [0x000000076ab00000, 0x0000000787480000, 0x00000007c0000000)
  eden space 308736K, 100% used [0x000000076ab00000,0x000000077d880000,0x000000077d880000)
  from space 65536K, 24% used [0x0000000783480000,0x00000007843f5a38,0x0000000787480000)
  to   space 79872K, 0% used [0x000000077d880000,0x000000077d880000,0x0000000782680000)
 ParOldGen       total 379392K, used 167578K [0x00000006c0000000, 0x00000006d7280000, 0x000000076ab00000)
  object space 379392K, 44% used [0x00000006c0000000,0x00000006ca3a6a10,0x00000006d7280000)
 Metaspace       used 111212K, capacity 115934K, committed 116096K, reserved 1150976K
  class space    used 14385K, capacity 15382K, committed 15488K, reserved 1048576K
Event: 212.972 GC heap after
Heap after GC invocations=25 (full 4):
 PSYoungGen      total 388608K, used 34049K [0x000000076ab00000, 0x000000078c400000, 0x00000007c0000000)
  eden space 308736K, 0% used [0x000000076ab00000,0x000000076ab00000,0x000000077d880000)
  from space 79872K, 42% used [0x000000077d880000,0x000000077f9c0588,0x0000000782680000)
  to   space 77312K, 0% used [0x0000000787880000,0x0000000787880000,0x000000078c400000)
 ParOldGen       total 379392K, used 178386K [0x00000006c0000000, 0x00000006d7280000, 0x000000076ab00000)
  object space 379392K, 47% used [0x00000006c0000000,0x00000006cae34928,0x00000006d7280000)
 Metaspace       used 111212K, capacity 115934K, committed 116096K, reserved 1150976K
  class space    used 14385K, capacity 15382K, committed 15488K, reserved 1048576K
}

